

Version:	3.50
CmdLine:	C:\Users\ni_ha\Documents\IMS\2i\modul426\PensionBut\PensionBut\PensionBut.exe --l4j-debug
JNI:		No
WOW64:		Yes
Working dir:	C:\Users\ni_ha\Documents\IMS\2i\modul426\PensionBut\PensionBut\.
Requires JDK:	No
Requires 64-Bit: No
Java min ver:	
Java max ver:	
Substitute:	JAVA_HOME = 
Substitute:	PATH = C:\Program Files\Common Files\Oracle\Java\javapath;C:\Program Files (x86)\Common Files\Oracle\Java\javapath;C:\ProgramData\Oracle\Java\javapath;C:\WINDOWS\system32;C:\WINDOWS;C:\WINDOWS\System32\Wbem;C:\WINDOWS\System32\WindowsPowerShell\v1.0\;C:\WINDOWS\System32\OpenSSH\;C:\Program Files\PuTTY\;C:\Program Files\RedHat\java-17-openjdk-17.0.2.0.8-1\bin;C:\Program Files\dotnet\;C:\Program Files\Microsoft SQL Server\150\Tools\Binn\;C:\Program Files\Microsoft SQL Server\Client SDK\ODBC\170\Tools\Binn\;C:\Program Files\Git\cmd;C:\Program Files (x86)\Gpg4win\..\GnuPG\bin;C:\Program Files\nodejs\;C:\Program Files\Docker\Docker\resources\bin;C:\Program Files\MongoDB\Tools\100\bin;C:\Program Files\TortoiseGit\bin;C:\Users\ni_ha\AppData\Local\Microsoft\WindowsApps;C:\Users\ni_ha\AppData\Local\Programs\Microsoft VS Code\bin;C:\Users\ni_ha\.dotnet\tools;C:\Users\ni_ha\AppData\Local\Programs\Azure Data Studio\bin;C:\Users\ni_ha\AppData\Roaming\npm;C:\Users\ni_ha\AppData\Local\Programs\mongosh\;C:\Users\ni_ha\AppData\Local\JetBrains\Toolbox\scripts;C:\Users\ni_ha\AppData\Local\GitHubDesktop\bin;C:\Program Files\RedHat\java-17-openjdk-17.0.2.0.8-1\bin
JRE paths:	;C:\Program Files\Common Files\Oracle\Java\javapath;C:\Program Files (x86)\Common Files\Oracle\Java\javapath;C:\ProgramData\Oracle\Java\javapath;C:\WINDOWS\system32;C:\WINDOWS;C:\WINDOWS\System32\Wbem;C:\WINDOWS\System32\WindowsPowerShell\v1.0\;C:\WINDOWS\System32\OpenSSH\;C:\Program Files\PuTTY\;C:\Program Files\RedHat\java-17-openjdk-17.0.2.0.8-1\bin;C:\Program Files\dotnet\;C:\Program Files\Microsoft SQL Server\150\Tools\Binn\;C:\Program Files\Microsoft SQL Server\Client SDK\ODBC\170\Tools\Binn\;C:\Program Files\Git\cmd;C:\Program Files (x86)\Gpg4win\..\GnuPG\bin;C:\Program Files\nodejs\;C:\Program Files\Docker\Docker\resources\bin;C:\Program Files\MongoDB\Tools\100\bin;C:\Program Files\TortoiseGit\bin;C:\Users\ni_ha\AppData\Local\Microsoft\WindowsApps;C:\Users\ni_ha\AppData\Local\Programs\Microsoft VS Code\bin;C:\Users\ni_ha\.dotnet\tools;C:\Users\ni_ha\AppData\Local\Programs\Azure Data Studio\bin;C:\Users\ni_ha\AppData\Roaming\npm;C:\Users\ni_ha\AppData\Local\Programs\mongosh\;C:\Users\ni_ha\AppData\Local\JetBrains\Toolbox\scripts;C:\Users\ni_ha\AppData\Local\GitHubDesktop\bin;C:\Program Files\RedHat\java-17-openjdk-17.0.2.0.8-1\bin
Check launcher:	C:\Program Files\Common Files\Oracle\Java\javapath\bin\javaw.exe (not found)
Check launcher:	C:\Program Files (x86)\Common Files\Oracle\Java\javapath\bin\javaw.exe (not found)
Check launcher:	C:\ProgramData\Oracle\Java\javapath\bin\javaw.exe (not found)
Check launcher:	C:\WINDOWS\system32\bin\javaw.exe (not found)
Check launcher:	C:\WINDOWS\bin\javaw.exe (not found)
Check launcher:	C:\WINDOWS\System32\Wbem\bin\javaw.exe (not found)
Check launcher:	C:\WINDOWS\System32\WindowsPowerShell\v1.0\bin\javaw.exe (not found)
Check launcher:	C:\WINDOWS\System32\OpenSSH\bin\javaw.exe (not found)
Check launcher:	C:\Program Files\PuTTY\bin\javaw.exe (not found)
Check launcher:	C:\Program Files\RedHat\java-17-openjdk-17.0.2.0.8-1\bin\javaw.exe (OK)
Version string: 1.017.000_002 / 64-Bit (OK)
Launcher:	C:\Program Files\RedHat\java-17-openjdk-17.0.2.0.8-1\bin\javaw.exe
Launcher args:	-jar "C:\Users\ni_ha\Documents\IMS\2i\modul426\PensionBut\PensionBut\PensionBut.exe"
Args length:	84/32768 chars
Exit code:	0


Version:	3.50
CmdLine:	C:\Users\ni_ha\Documents\IMS\2i\modul426\PensionBut\PensionBut\PensionBut.exe --l4j-debug
JNI:		No
WOW64:		Yes
Working dir:	C:\Users\ni_ha\Documents\IMS\2i\modul426\PensionBut\PensionBut\.
Requires JDK:	No
Requires 64-Bit: No
Java min ver:	
Java max ver:	
Substitute:	JAVA_HOME = 
Substitute:	PATH = C:\Program Files\Common Files\Oracle\Java\javapath;C:\Program Files (x86)\Common Files\Oracle\Java\javapath;C:\ProgramData\Oracle\Java\javapath;C:\WINDOWS\system32;C:\WINDOWS;C:\WINDOWS\System32\Wbem;C:\WINDOWS\System32\WindowsPowerShell\v1.0\;C:\WINDOWS\System32\OpenSSH\;C:\Program Files\PuTTY\;C:\Program Files\RedHat\java-17-openjdk-17.0.2.0.8-1\bin;C:\Program Files\dotnet\;C:\Program Files\Microsoft SQL Server\150\Tools\Binn\;C:\Program Files\Microsoft SQL Server\Client SDK\ODBC\170\Tools\Binn\;C:\Program Files\Git\cmd;C:\Program Files (x86)\Gpg4win\..\GnuPG\bin;C:\Program Files\nodejs\;C:\Program Files\Docker\Docker\resources\bin;C:\Program Files\MongoDB\Tools\100\bin;C:\Program Files\TortoiseGit\bin;C:\Users\ni_ha\AppData\Local\Microsoft\WindowsApps;C:\Users\ni_ha\AppData\Local\Programs\Microsoft VS Code\bin;C:\Users\ni_ha\.dotnet\tools;C:\Users\ni_ha\AppData\Local\Programs\Azure Data Studio\bin;C:\Users\ni_ha\AppData\Roaming\npm;C:\Users\ni_ha\AppData\Local\Programs\mongosh\;C:\Users\ni_ha\AppData\Local\JetBrains\Toolbox\scripts;C:\Users\ni_ha\AppData\Local\GitHubDesktop\bin;C:\Program Files\RedHat\java-17-openjdk-17.0.2.0.8-1\bin
JRE paths:	;C:\Program Files\Common Files\Oracle\Java\javapath;C:\Program Files (x86)\Common Files\Oracle\Java\javapath;C:\ProgramData\Oracle\Java\javapath;C:\WINDOWS\system32;C:\WINDOWS;C:\WINDOWS\System32\Wbem;C:\WINDOWS\System32\WindowsPowerShell\v1.0\;C:\WINDOWS\System32\OpenSSH\;C:\Program Files\PuTTY\;C:\Program Files\RedHat\java-17-openjdk-17.0.2.0.8-1\bin;C:\Program Files\dotnet\;C:\Program Files\Microsoft SQL Server\150\Tools\Binn\;C:\Program Files\Microsoft SQL Server\Client SDK\ODBC\170\Tools\Binn\;C:\Program Files\Git\cmd;C:\Program Files (x86)\Gpg4win\..\GnuPG\bin;C:\Program Files\nodejs\;C:\Program Files\Docker\Docker\resources\bin;C:\Program Files\MongoDB\Tools\100\bin;C:\Program Files\TortoiseGit\bin;C:\Users\ni_ha\AppData\Local\Microsoft\WindowsApps;C:\Users\ni_ha\AppData\Local\Programs\Microsoft VS Code\bin;C:\Users\ni_ha\.dotnet\tools;C:\Users\ni_ha\AppData\Local\Programs\Azure Data Studio\bin;C:\Users\ni_ha\AppData\Roaming\npm;C:\Users\ni_ha\AppData\Local\Programs\mongosh\;C:\Users\ni_ha\AppData\Local\JetBrains\Toolbox\scripts;C:\Users\ni_ha\AppData\Local\GitHubDesktop\bin;C:\Program Files\RedHat\java-17-openjdk-17.0.2.0.8-1\bin
Check launcher:	C:\Program Files\Common Files\Oracle\Java\javapath\bin\javaw.exe (not found)
Check launcher:	C:\Program Files (x86)\Common Files\Oracle\Java\javapath\bin\javaw.exe (not found)
Check launcher:	C:\ProgramData\Oracle\Java\javapath\bin\javaw.exe (not found)
Check launcher:	C:\WINDOWS\system32\bin\javaw.exe (not found)
Check launcher:	C:\WINDOWS\bin\javaw.exe (not found)
Check launcher:	C:\WINDOWS\System32\Wbem\bin\javaw.exe (not found)
Check launcher:	C:\WINDOWS\System32\WindowsPowerShell\v1.0\bin\javaw.exe (not found)
Check launcher:	C:\WINDOWS\System32\OpenSSH\bin\javaw.exe (not found)
Check launcher:	C:\Program Files\PuTTY\bin\javaw.exe (not found)
Check launcher:	C:\Program Files\RedHat\java-17-openjdk-17.0.2.0.8-1\bin\javaw.exe (OK)
Version string: 1.017.000_002 / 64-Bit (OK)
Launcher:	C:\Program Files\RedHat\java-17-openjdk-17.0.2.0.8-1\bin\javaw.exe
Launcher args:	-jar "C:\Users\ni_ha\Documents\IMS\2i\modul426\PensionBut\PensionBut\PensionBut.exe"
Args length:	84/32768 chars
Exit code:	0


Version:	3.50
CmdLine:	C:\Users\ni_ha\Documents\IMS\2i\modul426\PensionBut\PensionBut\PensionBut.exe --l4j-debug
JNI:		No
WOW64:		Yes
Working dir:	C:\Users\ni_ha\Documents\IMS\2i\modul426\PensionBut\PensionBut\.
Requires JDK:	No
Requires 64-Bit: No
Java min ver:	
Java max ver:	
Substitute:	JAVA_HOME = 
Substitute:	PATH = C:\Program Files\Common Files\Oracle\Java\javapath;C:\Program Files (x86)\Common Files\Oracle\Java\javapath;C:\ProgramData\Oracle\Java\javapath;C:\WINDOWS\system32;C:\WINDOWS;C:\WINDOWS\System32\Wbem;C:\WINDOWS\System32\WindowsPowerShell\v1.0\;C:\WINDOWS\System32\OpenSSH\;C:\Program Files\PuTTY\;C:\Program Files\RedHat\java-17-openjdk-17.0.2.0.8-1\bin;C:\Program Files\dotnet\;C:\Program Files\Microsoft SQL Server\150\Tools\Binn\;C:\Program Files\Microsoft SQL Server\Client SDK\ODBC\170\Tools\Binn\;C:\Program Files\Git\cmd;C:\Program Files (x86)\Gpg4win\..\GnuPG\bin;C:\Program Files\nodejs\;C:\Program Files\Docker\Docker\resources\bin;C:\Program Files\MongoDB\Tools\100\bin;C:\Program Files\TortoiseGit\bin;C:\Users\ni_ha\AppData\Local\Microsoft\WindowsApps;C:\Users\ni_ha\AppData\Local\Programs\Microsoft VS Code\bin;C:\Users\ni_ha\.dotnet\tools;C:\Users\ni_ha\AppData\Local\Programs\Azure Data Studio\bin;C:\Users\ni_ha\AppData\Roaming\npm;C:\Users\ni_ha\AppData\Local\Programs\mongosh\;C:\Users\ni_ha\AppData\Local\JetBrains\Toolbox\scripts;C:\Users\ni_ha\AppData\Local\GitHubDesktop\bin;C:\Program Files\RedHat\java-17-openjdk-17.0.2.0.8-1\bin
JRE paths:	;C:\Program Files\Common Files\Oracle\Java\javapath;C:\Program Files (x86)\Common Files\Oracle\Java\javapath;C:\ProgramData\Oracle\Java\javapath;C:\WINDOWS\system32;C:\WINDOWS;C:\WINDOWS\System32\Wbem;C:\WINDOWS\System32\WindowsPowerShell\v1.0\;C:\WINDOWS\System32\OpenSSH\;C:\Program Files\PuTTY\;C:\Program Files\RedHat\java-17-openjdk-17.0.2.0.8-1\bin;C:\Program Files\dotnet\;C:\Program Files\Microsoft SQL Server\150\Tools\Binn\;C:\Program Files\Microsoft SQL Server\Client SDK\ODBC\170\Tools\Binn\;C:\Program Files\Git\cmd;C:\Program Files (x86)\Gpg4win\..\GnuPG\bin;C:\Program Files\nodejs\;C:\Program Files\Docker\Docker\resources\bin;C:\Program Files\MongoDB\Tools\100\bin;C:\Program Files\TortoiseGit\bin;C:\Users\ni_ha\AppData\Local\Microsoft\WindowsApps;C:\Users\ni_ha\AppData\Local\Programs\Microsoft VS Code\bin;C:\Users\ni_ha\.dotnet\tools;C:\Users\ni_ha\AppData\Local\Programs\Azure Data Studio\bin;C:\Users\ni_ha\AppData\Roaming\npm;C:\Users\ni_ha\AppData\Local\Programs\mongosh\;C:\Users\ni_ha\AppData\Local\JetBrains\Toolbox\scripts;C:\Users\ni_ha\AppData\Local\GitHubDesktop\bin;C:\Program Files\RedHat\java-17-openjdk-17.0.2.0.8-1\bin
Check launcher:	C:\Program Files\Common Files\Oracle\Java\javapath\bin\javaw.exe (not found)
Check launcher:	C:\Program Files (x86)\Common Files\Oracle\Java\javapath\bin\javaw.exe (not found)
Check launcher:	C:\ProgramData\Oracle\Java\javapath\bin\javaw.exe (not found)
Check launcher:	C:\WINDOWS\system32\bin\javaw.exe (not found)
Check launcher:	C:\WINDOWS\bin\javaw.exe (not found)
Check launcher:	C:\WINDOWS\System32\Wbem\bin\javaw.exe (not found)
Check launcher:	C:\WINDOWS\System32\WindowsPowerShell\v1.0\bin\javaw.exe (not found)
Check launcher:	C:\WINDOWS\System32\OpenSSH\bin\javaw.exe (not found)
Check launcher:	C:\Program Files\PuTTY\bin\javaw.exe (not found)
Check launcher:	C:\Program Files\RedHat\java-17-openjdk-17.0.2.0.8-1\bin\javaw.exe (OK)
Version string: 1.017.000_002 / 64-Bit (OK)
Launcher:	C:\Program Files\RedHat\java-17-openjdk-17.0.2.0.8-1\bin\javaw.exe
Launcher args:	-jar "C:\Users\ni_ha\Documents\IMS\2i\modul426\PensionBut\PensionBut\PensionBut.exe"
Args length:	84/32768 chars
Exit code:	0


Version:	3.50
CmdLine:	C:\Users\ni_ha\Documents\IMS\2i\modul426\PensionBut\PensionBut\PensionBut.exe --l4j-debug
JNI:		No
WOW64:		Yes
Working dir:	C:\Users\ni_ha\Documents\IMS\2i\modul426\PensionBut\PensionBut\.
Requires JDK:	No
Requires 64-Bit: No
Java min ver:	
Java max ver:	
Substitute:	JAVA_HOME = 
Substitute:	PATH = C:\Program Files\Common Files\Oracle\Java\javapath;C:\Program Files (x86)\Common Files\Oracle\Java\javapath;C:\ProgramData\Oracle\Java\javapath;C:\WINDOWS\system32;C:\WINDOWS;C:\WINDOWS\System32\Wbem;C:\WINDOWS\System32\WindowsPowerShell\v1.0\;C:\WINDOWS\System32\OpenSSH\;C:\Program Files\PuTTY\;C:\Program Files\RedHat\java-17-openjdk-17.0.2.0.8-1\bin;C:\Program Files\dotnet\;C:\Program Files\Microsoft SQL Server\150\Tools\Binn\;C:\Program Files\Microsoft SQL Server\Client SDK\ODBC\170\Tools\Binn\;C:\Program Files\Git\cmd;C:\Program Files (x86)\Gpg4win\..\GnuPG\bin;C:\Program Files\nodejs\;C:\Program Files\Docker\Docker\resources\bin;C:\Program Files\MongoDB\Tools\100\bin;C:\Program Files\TortoiseGit\bin;C:\Users\ni_ha\AppData\Local\Microsoft\WindowsApps;C:\Users\ni_ha\AppData\Local\Programs\Microsoft VS Code\bin;C:\Users\ni_ha\.dotnet\tools;C:\Users\ni_ha\AppData\Local\Programs\Azure Data Studio\bin;C:\Users\ni_ha\AppData\Roaming\npm;C:\Users\ni_ha\AppData\Local\Programs\mongosh\;C:\Users\ni_ha\AppData\Local\JetBrains\Toolbox\scripts;C:\Users\ni_ha\AppData\Local\GitHubDesktop\bin;C:\Program Files\RedHat\java-17-openjdk-17.0.2.0.8-1\bin
JRE paths:	;C:\Program Files\Common Files\Oracle\Java\javapath;C:\Program Files (x86)\Common Files\Oracle\Java\javapath;C:\ProgramData\Oracle\Java\javapath;C:\WINDOWS\system32;C:\WINDOWS;C:\WINDOWS\System32\Wbem;C:\WINDOWS\System32\WindowsPowerShell\v1.0\;C:\WINDOWS\System32\OpenSSH\;C:\Program Files\PuTTY\;C:\Program Files\RedHat\java-17-openjdk-17.0.2.0.8-1\bin;C:\Program Files\dotnet\;C:\Program Files\Microsoft SQL Server\150\Tools\Binn\;C:\Program Files\Microsoft SQL Server\Client SDK\ODBC\170\Tools\Binn\;C:\Program Files\Git\cmd;C:\Program Files (x86)\Gpg4win\..\GnuPG\bin;C:\Program Files\nodejs\;C:\Program Files\Docker\Docker\resources\bin;C:\Program Files\MongoDB\Tools\100\bin;C:\Program Files\TortoiseGit\bin;C:\Users\ni_ha\AppData\Local\Microsoft\WindowsApps;C:\Users\ni_ha\AppData\Local\Programs\Microsoft VS Code\bin;C:\Users\ni_ha\.dotnet\tools;C:\Users\ni_ha\AppData\Local\Programs\Azure Data Studio\bin;C:\Users\ni_ha\AppData\Roaming\npm;C:\Users\ni_ha\AppData\Local\Programs\mongosh\;C:\Users\ni_ha\AppData\Local\JetBrains\Toolbox\scripts;C:\Users\ni_ha\AppData\Local\GitHubDesktop\bin;C:\Program Files\RedHat\java-17-openjdk-17.0.2.0.8-1\bin
Check launcher:	C:\Program Files\Common Files\Oracle\Java\javapath\bin\javaw.exe (not found)
Check launcher:	C:\Program Files (x86)\Common Files\Oracle\Java\javapath\bin\javaw.exe (not found)
Check launcher:	C:\ProgramData\Oracle\Java\javapath\bin\javaw.exe (not found)
Check launcher:	C:\WINDOWS\system32\bin\javaw.exe (not found)
Check launcher:	C:\WINDOWS\bin\javaw.exe (not found)
Check launcher:	C:\WINDOWS\System32\Wbem\bin\javaw.exe (not found)
Check launcher:	C:\WINDOWS\System32\WindowsPowerShell\v1.0\bin\javaw.exe (not found)
Check launcher:	C:\WINDOWS\System32\OpenSSH\bin\javaw.exe (not found)
Check launcher:	C:\Program Files\PuTTY\bin\javaw.exe (not found)
Check launcher:	C:\Program Files\RedHat\java-17-openjdk-17.0.2.0.8-1\bin\javaw.exe (OK)
Version string: 1.017.000_002 / 64-Bit (OK)
Launcher:	C:\Program Files\RedHat\java-17-openjdk-17.0.2.0.8-1\bin\javaw.exe
Launcher args:	-jar "C:\Users\ni_ha\Documents\IMS\2i\modul426\PensionBut\PensionBut\PensionBut.exe"
Args length:	84/32768 chars
Exit code:	0
